[    0.000000] Initializing cgroup subsys cpuset
[    0.000000] Initializing cgroup subsys cpu
[    0.000000] Initializing cgroup subsys cpuacct
[    0.000000] Linux version 4.4.0-122-generic (buildd@lcy01-amd64-005) (gcc version 5.4.0 20160609 (Ubuntu 5.4.0-6ubuntu1~16.04.9) ) #146-Ubuntu SMP Mon Apr 23 15:34:04 UTC 2018 (Ubuntu 4.4.0-122.146-generic 4.4.117)
[    0.000000] Command line: BOOT_IMAGE=/boot/vmlinuz-4.4.0-122-generic root=LABEL=cloudimg-rootfs ro console=tty1 console=ttyS0
[    0.000000] KERNEL supported cpus:
[    0.000000]   Intel GenuineIntel
[    0.000000]   AMD AuthenticAMD
[    0.000000]   Centaur CentaurHauls
[    0.000000] x86/fpu: xstate_offset[2]:  576, xstate_sizes[2]:  256
[    0.000000] x86/fpu: Supporting XSAVE feature 0x01: 'x87 floating point registers'
[    0.000000] x86/fpu: Supporting XSAVE feature 0x02: 'SSE registers'
[    0.000000] x86/fpu: Supporting XSAVE feature 0x04: 'AVX registers'
[    0.000000] x86/fpu: Enabled xstate features 0x7, context size is 832 bytes, using 'standard' format.
[    0.000000] x86/fpu: Using 'lazy' FPU context switches.
[    0.000000] e820: BIOS-provided physical RAM map:
[    0.000000] BIOS-e820: [mem 0x0000000000000000-0x000000000009fbff] usable
[    0.000000] BIOS-e820: [mem 0x000000000009fc00-0x000000000009ffff] reserved
[    0.000000] BIOS-e820: [mem 0x00000000000f0000-0x00000000000fffff] reserved
[    0.000000] BIOS-e820: [mem 0x0000000000100000-0x000000003ffeffff] usable
[    0.000000] BIOS-e820: [mem 0x000000003fff0000-0x000000003fffffff] ACPI data
[    0.000000] BIOS-e820: [mem 0x00000000fec00000-0x00000000fec00fff] reserved
[    0.000000] BIOS-e820: [mem 0x00000000fee00000-0x00000000fee00fff] reserved
[    0.000000] BIOS-e820: [mem 0x00000000fffc0000-0x00000000ffffffff] reserved
[    0.000000] NX (Execute Disable) protection: active
[    0.000000] SMBIOS 2.5 present.
[    0.000000] Hypervisor detected: KVM
[    0.000000] e820: last_pfn = 0x3fff0 max_arch_pfn = 0x400000000
[    0.000000] MTRR: Disabled
[    0.000000] x86/PAT: MTRRs disabled, skipping PAT initialization too.
[    0.000000] CPU MTRRs all blank - virtualized system.
[    0.000000] x86/PAT: Configuration [0-7]: WB  WT  UC- UC  WB  WT  UC- UC  
[    0.000000] found SMP MP-table at [mem 0x0009fff0-0x0009ffff] mapped at [ffff88000009fff0]
[    0.000000] Scanning 1 areas for low memory corruption
[    0.000000] RAMDISK: [mem 0x36a98000-0x37543fff]
[    0.000000] ACPI: Early table checksum verification disabled
[    0.000000] ACPI: RSDP 0x00000000000E0000 000024 (v02 VBOX  )
[    0.000000] ACPI: XSDT 0x000000003FFF0030 00003C (v01 VBOX   VBOXXSDT 00000001 ASL  00000061)
[    0.000000] ACPI: FACP 0x000000003FFF00F0 0000F4 (v04 VBOX   VBOXFACP 00000001 ASL  00000061)
[    0.000000] ACPI: DSDT 0x000000003FFF0470 0021FF (v02 VBOX   VBOXBIOS 00000002 INTL 20100528)
[    0.000000] ACPI: FACS 0x000000003FFF0200 000040
[    0.000000] ACPI: FACS 0x000000003FFF0200 000040
[    0.000000] ACPI: APIC 0x000000003FFF0240 000054 (v02 VBOX   VBOXAPIC 00000001 ASL  00000061)
[    0.000000] ACPI: SSDT 0x000000003FFF02A0 0001CC (v01 VBOX   VBOXCPUT 00000002 INTL 20100528)
[    0.000000] No NUMA configuration found
[    0.000000] Faking a node at [mem 0x0000000000000000-0x000000003ffeffff]
[    0.000000] NODE_DATA(0) allocated [mem 0x3ffeb000-0x3ffeffff]
[    0.000000] kvm-clock: Using msrs 4b564d01 and 4b564d00
[    0.000000] kvm-clock: cpu 0, msr 0:3ffe3001, primary cpu clock
[    0.000000] kvm-clock: using sched offset of 3950654685 cycles
[    0.000000] clocksource: kvm-clock: mask: 0xffffffffffffffff max_cycles: 0x1cd42e4dffb, max_idle_ns: 881590591483 ns
[    0.000000] Zone ranges:
[    0.000000]   DMA      [mem 0x0000000000001000-0x0000000000ffffff]
[    0.000000]   DMA32    [mem 0x0000000001000000-0x000000003ffeffff]
[    0.000000]   Normal   empty
[    0.000000]   Device   empty
[    0.000000] Movable zone start for each node
[    0.000000] Early memory node ranges
[    0.000000]   node   0: [mem 0x0000000000001000-0x000000000009efff]
[    0.000000]   node   0: [mem 0x0000000000100000-0x000000003ffeffff]
[    0.000000] Initmem setup node 0 [mem 0x0000000000001000-0x000000003ffeffff]
[    0.000000] ACPI: PM-Timer IO Port: 0x4008
[    0.000000] IOAPIC[0]: apic_id 1, version 32, address 0xfec00000, GSI 0-23
[    0.000000] ACPI: INT_SRC_OVR (bus 0 bus_irq 0 global_irq 2 dfl dfl)
[    0.000000] ACPI: INT_SRC_OVR (bus 0 bus_irq 9 global_irq 9 low level)
[    0.000000] Using ACPI (MADT) for SMP configuration information
[    0.000000] smpboot: Allowing 1 CPUs, 0 hotplug CPUs
[    0.000000] PM: Registered nosave memory: [mem 0x00000000-0x00000fff]
[    0.000000] PM: Registered nosave memory: [mem 0x0009f000-0x0009ffff]
[    0.000000] PM: Registered nosave memory: [mem 0x000a0000-0x000effff]
[    0.000000] PM: Registered nosave memory: [mem 0x000f0000-0x000fffff]
[    0.000000] e820: [mem 0x40000000-0xfebfffff] available for PCI devices
[    0.000000] Booting paravirtualized kernel on KVM
[    0.000000] clocksource: refined-jiffies: mask: 0xffffffff max_cycles: 0xffffffff, max_idle_ns: 7645519600211568 ns
[    0.000000] setup_percpu: NR_CPUS:512 nr_cpumask_bits:512 nr_cpu_ids:1 nr_node_ids:1
[    0.000000] PERCPU: Embedded 34 pages/cpu @ffff88003fc00000 s99544 r8192 d31528 u2097152
[    0.000000] PV qspinlock hash table entries: 256 (order: 0, 4096 bytes)
[    0.000000] Built 1 zonelists in Node order, mobility grouping on.  Total pages: 257912
[    0.000000] Policy zone: DMA32
[    0.000000] Kernel command line: BOOT_IMAGE=/boot/vmlinuz-4.4.0-122-generic root=LABEL=cloudimg-rootfs ro console=tty1 console=ttyS0
[    0.000000] PID hash table entries: 4096 (order: 3, 32768 bytes)
[    0.000000] Memory: 1001732K/1048120K available (8532K kernel code, 1313K rwdata, 3996K rodata, 1508K init, 1316K bss, 46388K reserved, 0K cma-reserved)
[    0.000000] SLUB: HWalign=64, Order=0-3, MinObjects=0, CPUs=1, Nodes=1
[    0.000000] Kernel/User page tables isolation: enabled
[    0.000000] Hierarchical RCU implementation.
[    0.000000] 	Build-time adjustment of leaf fanout to 64.
[    0.000000] 	RCU restricting CPUs from NR_CPUS=512 to nr_cpu_ids=1.
[    0.000000] RCU: Adjusting geometry for rcu_fanout_leaf=64, nr_cpu_ids=1
[    0.000000] NR_IRQS:33024 nr_irqs:256 16
[    0.000000] Console: colour VGA+ 80x25
[    0.000000] console [tty1] enabled
[    0.000000] console [ttyS0] enabled
[    0.000000] tsc: Detected 1795.921 MHz processor
[    0.515112] Calibrating delay loop (skipped) preset value.. 3591.84 BogoMIPS (lpj=7183684)
[    0.517549] pid_max: default: 32768 minimum: 301
[    0.519183] ACPI: Core revision 20150930
[    0.521675] ACPI: 2 ACPI AML tables successfully acquired and loaded
[    0.525639] Security Framework initialized
[    0.527024] Yama: becoming mindful.
[    0.528474] AppArmor: AppArmor initialized
[    0.532028] Dentry cache hash table entries: 131072 (order: 8, 1048576 bytes)
[    0.536254] Inode-cache hash table entries: 65536 (order: 7, 524288 bytes)
[    0.539291] Mount-cache hash table entries: 2048 (order: 2, 16384 bytes)
[    0.540897] Mountpoint-cache hash table entries: 2048 (order: 2, 16384 bytes)
[    0.543023] Initializing cgroup subsys io
[    0.545785] Initializing cgroup subsys memory
[    0.548947] Initializing cgroup subsys devices
[    0.550385] Initializing cgroup subsys freezer
[    0.551788] Initializing cgroup subsys net_cls
[    0.553213] Initializing cgroup subsys perf_event
[    0.554721] Initializing cgroup subsys net_prio
[    0.556190] Initializing cgroup subsys hugetlb
[    0.557589] Initializing cgroup subsys pids
[    0.559156] CPU: Physical Processor ID: 0
[    0.565843] FEATURE SPEC_CTRL Not Present
[    0.567547] mce: CPU supports 0 MCE banks
[    0.575455] process: using mwait in idle threads
[    0.578647] Last level iTLB entries: 4KB 512, 2MB 8, 4MB 8
[    0.584024] Last level dTLB entries: 4KB 512, 2MB 32, 4MB 32, 1GB 0
[    0.586071] Spectre V2 mitigation: Mitigation: Full generic retpoline
[    0.587867] Spectre V2 mitigation: Speculation control IBPB not-supported IBRS not-supported
[    0.625167] Freeing SMP alternatives memory: 32K
[    0.643492] ftrace: allocating 32202 entries in 126 pages
[    0.722487] smpboot: APIC(0) Converting physical 0 to logical package 0
[    0.732793] smpboot: Max logical packages: 1
[    0.734528] x2apic enabled
[    0.735783] Switched APIC routing to physical x2apic.
[    0.738664] ..TIMER: vector=0x30 apic1=0 pin1=2 apic2=-1 pin2=-1
[    0.849996] smpboot: CPU0: Intel(R) Core(TM) i5-3337U CPU @ 1.80GHz (family: 0x6, model: 0x3a, stepping: 0x9)
[    0.857923] Performance Events: unsupported p6 CPU model 58 no PMU driver, software events only.
[    0.860872] KVM setup paravirtual spinlock
[    0.867206] x86: Booted up 1 node, 1 CPUs
[    0.869844] smpboot: Total of 1 processors activated (3591.84 BogoMIPS)
[    0.872499] devtmpfs: initialized
[    0.881572] evm: security.selinux
[    0.884300] evm: security.SMACK64
[    0.885552] evm: security.SMACK64EXEC
[    0.886918] evm: security.SMACK64TRANSMUTE
[    0.888398] evm: security.SMACK64MMAP
[    0.892413] evm: security.ima
[    0.893593] evm: security.capability
[    0.895267] clocksource: jiffies: mask: 0xffffffff max_cycles: 0xffffffff, max_idle_ns: 7645041785100000 ns
[    0.901566] futex hash table entries: 256 (order: 2, 16384 bytes)
[    0.908510] pinctrl core: initialized pinctrl subsystem
[    0.912811] RTC time: 13:22:17, date: 05/03/18
[    0.916278] NET: Registered protocol family 16
[    0.920331] cpuidle: using governor ladder
[    0.921661] cpuidle: using governor menu
[    0.923052] PCCT header not found.
[    0.924357] ACPI: bus type PCI registered
[    0.927041] acpiphp: ACPI Hot Plug PCI Controller Driver version: 0.5
[    0.929359] PCI: Using configuration type 1 for base access
[    0.934154] ACPI: Added _OSI(Module Device)
[    0.937195] ACPI: Added _OSI(Processor Device)
[    0.941117] ACPI: Added _OSI(3.0 _SCP Extensions)
[    0.944580] ACPI: Added _OSI(Processor Aggregator Device)
[    0.948777] ACPI: Executed 1 blocks of module-level executable AML code
[    0.956080] ACPI: Interpreter enabled
[    0.958516] ACPI: (supports S0 S5)
[    0.959702] ACPI: Using IOAPIC for interrupt routing
[    0.961535] PCI: Using host bridge windows from ACPI; if necessary, use "pci=nocrs" and report a bug
[    0.975025] ACPI: PCI Root Bridge [PCI0] (domain 0000 [bus 00-ff])
[    0.978989] acpi PNP0A03:00: _OSC: OS supports [ASPM ClockPM Segments MSI]
[    0.982774] acpi PNP0A03:00: _OSC: not requesting OS control; OS requires [ExtendedConfig ASPM ClockPM MSI]
[    0.985772] acpi PNP0A03:00: fail to add MMCONFIG information, can't access extended PCI configuration space under this bridge.
[    0.991252] PCI host bridge to bus 0000:00
[    1.002534] pci_bus 0000:00: root bus resource [io  0x0000-0x0cf7 window]
[    1.004657] pci_bus 0000:00: root bus resource [io  0x0d00-0xffff window]
[    1.006816] pci_bus 0000:00: root bus resource [mem 0x000a0000-0x000bffff window]
[    1.009422] pci_bus 0000:00: root bus resource [mem 0x40000000-0xfdffffff window]
[    1.016673] pci_bus 0000:00: root bus resource [bus 00-ff]
[    1.023645] pci 0000:00:01.1: legacy IDE quirk: reg 0x10: [io  0x01f0-0x01f7]
[    1.037968] pci 0000:00:01.1: legacy IDE quirk: reg 0x14: [io  0x03f6]
[    1.042400] pci 0000:00:01.1: legacy IDE quirk: reg 0x18: [io  0x0170-0x0177]
[    1.047103] pci 0000:00:01.1: legacy IDE quirk: reg 0x1c: [io  0x0376]
[    1.074397] pci 0000:00:07.0: quirk: [io  0x4000-0x403f] claimed by PIIX4 ACPI
[    1.092655] pci 0000:00:07.0: quirk: [io  0x4100-0x410f] claimed by PIIX4 SMB
[    1.114368] ACPI: PCI Interrupt Link [LNKA] (IRQs 5 9 10 *11)
[    1.121297] ACPI: PCI Interrupt Link [LNKB] (IRQs 5 9 *10 11)
[    1.126838] ACPI: PCI Interrupt Link [LNKC] (IRQs 5 *9 10 11)
[    1.130446] ACPI: PCI Interrupt Link [LNKD] (IRQs 5 9 10 *11)
[    1.133741] ACPI: Enabled 2 GPEs in block 00 to 07
[    1.137948] vgaarb: setting as boot device: PCI:0000:00:02.0
[    1.139966] vgaarb: device added: PCI:0000:00:02.0,decodes=io+mem,owns=io+mem,locks=none
[    1.145078] vgaarb: loaded
[    1.147930] vgaarb: bridge control possible 0000:00:02.0
[    1.151000] SCSI subsystem initialized
[    1.156046] ACPI: bus type USB registered
[    1.157792] usbcore: registered new interface driver usbfs
[    1.166641] usbcore: registered new interface driver hub
[    1.170844] usbcore: registered new device driver usb
[    1.172653] PCI: Using ACPI for IRQ routing
[    1.175614] NetLabel: Initializing
[    1.178138] NetLabel:  domain hash size = 128
[    1.179636] NetLabel:  protocols = UNLABELED CIPSOv4
[    1.180923] NetLabel:  unlabeled traffic allowed by default
[    1.182504] amd_nb: Cannot enumerate AMD northbridges
[    1.184088] clocksource: Switched to clocksource kvm-clock
[    1.195643] AppArmor: AppArmor Filesystem Enabled
[    1.197409] pnp: PnP ACPI init
[    1.202099] pnp: PnP ACPI: found 3 devices
[    1.213599] clocksource: acpi_pm: mask: 0xffffff max_cycles: 0xffffff, max_idle_ns: 2085701024 ns
[    1.225595] NET: Registered protocol family 2
[    1.228475] TCP established hash table entries: 8192 (order: 4, 65536 bytes)
[    1.231751] TCP bind hash table entries: 8192 (order: 5, 131072 bytes)
[    1.233780] TCP: Hash tables configured (established 8192 bind 8192)
[    1.235703] UDP hash table entries: 512 (order: 2, 16384 bytes)
[    1.237521] UDP-Lite hash table entries: 512 (order: 2, 16384 bytes)
[    1.239468] NET: Registered protocol family 1
[    1.240891] pci 0000:00:00.0: Limiting direct PCI/PCI transfers
[    1.242672] pci 0000:00:01.0: Activating ISA DMA hang workarounds
[    1.244959] Unpacking initramfs...
[    3.796646] Freeing initrd memory: 10928K
[    3.813127] RAPL PMU detected, API unit is 2^-32 Joules, 3 fixed counters 10737418240 ms ovfl timer
[    3.815901] hw unit of domain pp0-core 2^-0 Joules
[    3.817474] hw unit of domain package 2^-0 Joules
[    3.818951] hw unit of domain pp1-gpu 2^-0 Joules
[    3.820558] platform rtc_cmos: registered platform RTC device (no PNP device found)
[    3.823078] Scanning for low memory corruption every 60 seconds
[    3.825013] audit: initializing netlink subsys (disabled)
[    3.826682] audit: type=2000 audit(1525353745.879:1): initialized
[    3.828882] Initialise system trusted keyring
[    3.830381] HugeTLB registered 2 MB page size, pre-allocated 0 pages
[    3.834022] zbud: loaded
[    3.845749] VFS: Disk quotas dquot_6.6.0
[    3.848375] VFS: Dquot-cache hash table entries: 512 (order 0, 4096 bytes)
[    3.850773] squashfs: version 4.0 (2009/01/31) Phillip Lougher
[    3.852818] fuse init (API version 7.23)
[    3.854538] Key type big_key registered
[    3.857208] Allocating IMA MOK and blacklist keyrings.
[    3.859123] Key type asymmetric registered
[    3.862027] Asymmetric key parser 'x509' registered
[    3.865600] Block layer SCSI generic (bsg) driver version 0.4 loaded (major 249)
[    3.868069] io scheduler noop registered
[    3.869428] io scheduler deadline registered (default)
[    3.871128] io scheduler cfq registered
[    3.877731] pci_hotplug: PCI Hot Plug PCI Core version: 0.5
[    3.881009] pciehp: PCI Express Hot Plug Controller Driver version: 0.4
[    3.883121] ACPI: AC Adapter [AC] (on-line)
[    3.886379] input: Power Button as /devices/LNXSYSTM:00/LNXPWRBN:00/input/input0
[    3.891733] ACPI: Power Button [PWRF]
[    3.901328] input: Sleep Button as /devices/LNXSYSTM:00/LNXSLPBN:00/input/input1
[    3.905684] ACPI: Sleep Button [SLPF]
[    3.907910] ACPI: Battery Slot [BAT0] (battery present)
[    3.913130] GHES: HEST is not enabled!
[    3.915762] Serial: 8250/16550 driver, 32 ports, IRQ sharing enabled
[    3.943292] 00:02: ttyS0 at I/O 0x3f8 (irq = 4, base_baud = 115200) is a 16550A
[    3.955825] Linux agpgart interface v0.103
[    3.965770] loop: module loaded
[    3.973934] scsi host0: ata_piix
[    3.978310] scsi host1: ata_piix
[    3.981010] ata1: PATA max UDMA/33 cmd 0x1f0 ctl 0x3f6 bmdma 0xd000 irq 14
[    3.983012] ata2: PATA max UDMA/33 cmd 0x170 ctl 0x376 bmdma 0xd008 irq 15
[    3.988214] libphy: Fixed MDIO Bus: probed
[    4.001373] tun: Universal TUN/TAP device driver, 1.6
[    4.002971] tun: (C) 1999-2004 Max Krasnyansky <maxk@qualcomm.com>
[    4.005227] PPP generic driver version 2.4.2
[    4.008707] ehci_hcd: USB 2.0 'Enhanced' Host Controller (EHCI) Driver
[    4.011965] ehci-pci: EHCI PCI platform driver
[    4.013476] ehci-platform: EHCI generic platform driver
[    4.015126] ohci_hcd: USB 1.1 'Open' Host Controller (OHCI) Driver
[    4.017069] ohci-pci: OHCI PCI platform driver
[    4.018506] ohci-platform: OHCI generic platform driver
[    4.020146] uhci_hcd: USB Universal Host Controller Interface driver
[    4.027716] i8042: PNP: PS/2 Controller [PNP0303:PS2K,PNP0f03:PS2M] at 0x60,0x64 irq 1,12
[    4.032828] serio: i8042 KBD port at 0x60,0x64 irq 1
[    4.037050] serio: i8042 AUX port at 0x60,0x64 irq 12
[    4.038987] mousedev: PS/2 mouse device common for all mice
[    4.044432] input: AT Translated Set 2 keyboard as /devices/platform/i8042/serio0/input/input2
[    4.047404] rtc_cmos rtc_cmos: rtc core: registered rtc_cmos as rtc0
[    4.050546] rtc_cmos rtc_cmos: alarms up to one day, 114 bytes nvram
[    4.052275] i2c /dev entries driver
[    4.053521] device-mapper: uevent: version 1.0.3
[    4.055383] device-mapper: ioctl: 4.34.0-ioctl (2015-10-28) initialised: dm-devel@redhat.com
[    4.059363] ledtrig-cpu: registered to indicate activity on CPUs
[    4.063065] NET: Registered protocol family 10
[    4.066391] NET: Registered protocol family 17
[    4.072246] Key type dns_resolver registered
[    4.075896] registered taskstats version 1
[    4.080759] Loading compiled-in X.509 certificates
[    4.086670] Loaded X.509 cert 'Build time autogenerated kernel key: eb3f78ccfd14bc84ef58e051a28e8b7731c2f6e2'
[    4.095252] zswap: loaded using pool lzo/zbud
[    4.101160] Key type trusted registered
[    4.113336] Key type encrypted registered
[    4.115872] AppArmor: AppArmor sha1 policy hashing enabled
[    4.117674] ima: No TPM chip found, activating TPM-bypass!
[    4.119392] evm: HMAC attrs: 0x1
[    4.122978]   Magic number: 2:419:381
[    4.125582] rtc_cmos rtc_cmos: setting system clock to 2018-05-03 13:22:21 UTC (1525353741)
[    4.131286] BIOS EDD facility v0.16 2004-Jun-25, 0 devices found
[    4.140006] EDD information not available.
[    4.143237] Freeing unused kernel memory: 1508K
[    4.148200] Write protecting the kernel read-only data: 14336k
[    4.159135] Freeing unused kernel memory: 1696K
[    4.162075] Freeing unused kernel memory: 100K
Loading, please wait...
starting version[    4.181495] random: systemd-udevd: uninitialized urandom read (16 bytes read, 3 bits of entropy available)
 229
[    4.184150] random: systemd-udevd: uninitialized urandom read (16 bytes read, 3 bits of entropy available)
[    4.199024] random: udevadm: uninitialized urandom read (16 bytes read, 3 bits of entropy available)
[    4.226082] random: systemd-udevd: uninitialized urandom read (16 bytes read, 3 bits of entropy available)
[    4.228488] random: systemd-udevd: uninitialized urandom read (16 bytes read, 3 bits of entropy available)
[    4.247612] random: udevadm: uninitialized urandom read (16 bytes read, 3 bits of entropy available)
[    4.264167] random: systemd-udevd: uninitialized urandom read (16 bytes read, 3 bits of entropy available)
[    4.279032] random: udevadm: uninitialized urandom read (16 bytes read, 3 bits of entropy available)
[    4.309536] random: systemd-udevd: uninitialized urandom read (16 bytes read, 3 bits of entropy available)
[    4.312861] random: systemd-udevd: uninitialized urandom read (16 bytes read, 3 bits of entropy available)
[    4.444955] e1000: Intel(R) PRO/1000 Network Driver - version 7.3.21-k8-NAPI
[    4.458645] e1000: Copyright (c) 1999-2006 Intel Corporation.
[    4.464547] Fusion MPT base driver 3.04.20
[    4.467089] Copyright (c) 1999-2008 LSI Corporation
[    4.497923] Fusion MPT SPI Host driver 3.04.20
[    4.566937] AVX version of gcm_enc/dec engaged.
[    4.575593] AES CTR mode by8 optimization enabled
[    4.684754] input: ImExPS/2 Generic Explorer Mouse as /devices/platform/i8042/serio1/input/input4
[    4.820284] tsc: Refined TSC clocksource calibration: 1796.581 MHz
[    4.835783] clocksource: tsc: mask: 0xffffffffffffffff max_cycles: 0x19e58bd854d, max_idle_ns: 440795243217 ns
[    5.022197] e1000 0000:00:03.0 eth0: (PCI:33MHz:32-bit) 02:24:97:69:54:5f
[    5.128245] e1000 0000:00:03.0 eth0: Intel(R) PRO/1000 Network Connection
[    5.206296] mptbase: ioc0: Initiating bringup
[    5.288502] ioc0: LSI53C1030 A0: Capabilities={Initiator}
[    5.505784] scsi host2: ioc0: LSI53C1030 A0, FwRev=00000000h, Ports=1, MaxQ=256, IRQ=20
[    5.702359] scsi 2:0:0:0: Direct-Access     VBOX     HARDDISK         1.0  PQ: 0 ANSI: 5
[    5.774972] scsi target2:0:0: Beginning Domain Validation
[    5.778109] scsi target2:0:0: Domain Validation skipping write tests
[    5.844207] scsi target2:0:0: Ending Domain Validation
[    5.850619] scsi target2:0:0: asynchronous
[    5.956693] scsi 2:0:1:0: Direct-Access     VBOX     HARDDISK         1.0  PQ: 0 ANSI: 5
[    6.040451] scsi target2:0:1: Beginning Domain Validation
[    6.134117] scsi target2:0:1: Domain Validation skipping write tests
[    6.153229] scsi target2:0:1: Ending Domain Validation
[    6.173750] scsi target2:0:1: asynchronous
[    6.306008] sd 2:0:0:0: Attached scsi generic sg0 type 0
[    6.317654] sd 2:0:0:0: [sda] 20971520 512-byte logical blocks: (10.7 GB/10.0 GiB)
[    6.326725] sd 2:0:0:0: [sda] Write Protect is off
[    6.333248] sd 2:0:1:0: [sdb] 20480 512-byte logical blocks: (10.5 MB/10.0 MiB)
[    6.350583] sd 2:0:1:0: Attached scsi generic sg1 type 0
[    6.378564] sd 2:0:0:0: [sda] Incomplete mode parameter data
[    6.391617] sd 2:0:0:0: [sda] Assuming drive cache: write through
[    6.470165] sd 2:0:1:0: [sdb] Write Protect is off
[    6.481565] e1000 0000:00:08.0 eth1: (PCI:33MHz:32-bit) 08:00:27:a6:97:3f
[    6.487537] e1000 0000:00:08.0 eth1: Intel(R) PRO/1000 Network Connection
[    6.502518] sd 2:0:1:0: [sdb] Incomplete mode parameter data
[    6.506945] sd 2:0:1:0: [sdb] Assuming drive cache: write through
[    6.511711] e1000 0000:00:03.0 enp0s3: renamed from eth0
[    6.526889] e1000 0000:00:08.0 enp0s8: renamed from eth1
[    6.532814] sd 2:0:1:0: [sdb] Attached SCSI disk
[    6.544739]  sda: sda1
[    6.579459] sd 2:0:0:0: [sda] Attached SCSI disk
Begin: Loading e[    8.017100] md: linear personality registered for level -1
ssential drivers ... [    8.040724] md: multipath personality registered for level -4
[    8.065454] md: raid0 personality registered for level 0
[    8.077290] md: raid1 personality registered for level 1
[    8.200181] raid6: sse2x1   gen()  6570 MB/s
[    8.272520] raid6: sse2x1   xor()  5201 MB/s
[    8.408147] raid6: sse2x2   gen()  8127 MB/s
[    8.488365] raid6: sse2x2   xor()  5739 MB/s
[    8.604367] raid6: sse2x4   gen()  9891 MB/s
[    8.680563] raid6: sse2x4   xor()  6267 MB/s
[    8.683627] raid6: using algorithm sse2x4 gen() 9891 MB/s
[    8.687994] raid6: .... xor() 6267 MB/s, rmw enabled
[    8.690212] raid6: using ssse3x2 recovery algorithm
[    8.696781] xor: automatically using best checksumming function:
[    8.736147]    avx       : 12181.000 MB/sec
[    8.742948] async_tx: api initialized (async)
[    8.766440] md: raid6 personality registered for level 6
[    8.774560] md: raid5 personality registered for level 5
[    8.776220] md: raid4 personality registered for level 4
[    8.787178] md: raid10 personality registered for level 10
done.
Begin: Running /scripts/init-premount ... done.
Begin: Mounting root file system ... Begin: Running /scripts/local-top ... done.
Begin: Running /scripts/local-premount ... [    8.882588] Btrfs loaded
Scanning for Btrfs filesystems
done.
Warning: fsck no[    8.961549] EXT4-fs (sda1): mounted filesystem with ordered data mode. Opts: (null)
t present, so skipping root file system
done.
Begin: Running /scripts/local-bottom ... done.
Begin: Running /scripts/init-bottom ... done.
[    9.173974] systemd[1]: systemd 229 running in system mode. (+PAM +AUDIT +SELINUX +IMA +APPARMOR +SMACK +SYSVINIT +UTMP +LIBCRYPTSETUP +GCRYPT +GNUTLS +ACL +XZ -LZ4 +SECCOMP +BLKID +ELFUTILS +KMOD -IDN)
[    9.295835] systemd[1]: Detected virtualization oracle.
[    9.322761] systemd[1]: Detected architecture x86-64.

Welcome to [1mUbuntu 16.04.4 LTS[0m!

[    9.380345] systemd[1]: Set hostname to <carbonifero-1>.
[    9.604844] systemd[1]: Created slice System Slice.
[[0;32m  OK  [0m] Created slice System Slice.
[    9.694456] systemd[1]: Listening on Device-mapper event daemon FIFOs.
[[0;32m  OK  [0m] Listening on Device-mapper event daemon FIFOs.
[    9.725154] systemd[1]: Listening on /dev/initctl Compatibility Named Pipe.
[[0;32m  OK  [0m] Listening on /dev/initctl Compatibility Named Pipe.
[    9.730829] systemd[1]: Listening on Journal Socket (/dev/log).
[[0;32m  OK  [0m] Listening on Journal Socket (/dev/log).
[    9.742594] systemd[1]: Reached target System Time Synchronized.
[[0;32m  OK  [0m] Reached target System Time Synchronized.
[    9.746995] systemd[1]: Listening on LVM2 metadata daemon socket.
[[0;32m  OK  [0m] Listening on LVM2 metadata daemon socket.
[    9.753558] systemd[1]: Listening on Syslog Socket.
[[0;32m  OK  [0m] Listening on Syslog Socket.
[    9.759127] systemd[1]: Listening on udev Control Socket.
[[0;32m  OK  [0m] Listening on udev Control Socket.
[    9.771031] systemd[1]: Set up automount Arbitrary Executable File Formats File System Automount Point.
[[0;32m  OK  [0m] Set up automount Arbitrary Executab...ats File System Automount Point.
[    9.781078] systemd[1]: Reached target Encrypted Volumes.
[[0;32m  OK  [0m] Reached target Encrypted Volumes.
[    9.812500] systemd[1]: Listening on Journal Socket.
[[0;32m  OK  [0m] Listening on Journal Socket.
[    9.817836] systemd[1]: Mounting Debug File System...
         Mounting Debug File System...
[    9.826940] systemd[1]: Mounting POSIX Message Queue File System...
         Mounting POSIX Message Queue File System...
[    9.844020] systemd[1]: Starting Nameserver information manager...
         Starting Nameserver information manager...
[    9.926100] systemd[1]: Starting Remount Root and Kernel File Systems...
         [    9.974479] EXT4-fs (sda1): re-mounted. Opts: (null)
Starting Remount Root and Kernel File Systems...
[   10.117175] systemd[1]: Started Trigger resolvconf update for networkd DNS.
[[0;32m  OK  [0m] Started Trigger resolvconf update for networkd DNS.
[   10.260437] systemd[1]: Reached target Swap.
[[0;32m  OK  [0m] Reached target Swap.
[   10.277739] systemd[1]: Listening on udev Kernel Socket.
[[0;32m  OK  [0m] Listening on udev Kernel Socket.
[   10.361297] systemd[1]: Created slice User and Session Slice.
[[0;32m  OK  [0m] Created slice User and Session Slice.
[   10.496651] systemd[1]: Reached target Slices.
[[0;32m  OK  [0m] Reached target Slices.
[   10.548502] systemd[1]: Started Forward Password Requests to Wall Directory Watch.
[[0;32m  OK  [0m] Started Forward Password Requests to Wall Directory Watch.
[   10.592547] systemd[1]: Reached target User and Group Name Lookups.
[[0;32m  OK  [0m] Reached target User and Group Name Lookups.
[   10.647433] systemd[1]: Starting Load Kernel Modules...
         Starting Load Kernel Modules...[   10.740902] Loading iSCSI transport class v2.0-870.

[   10.750549] systemd[1]: Listening on LVM2 poll daemon socket.
[[0;32m  OK  [0m] Listening on LVM[   10.762516] iscsi: registered transport (tcp)
2 poll daemon socket.
[   10.768453] systemd[1]: Starting Uncomplicated firewall...
         Starting Uncomplicated firewall...
[   10.796733] systemd[1]: Listening on Journal Audit Socket.
[[0;32m  OK  [0m] Listening on Journal Audit Socket.
[   10.830532] systemd[1]: Mounting Huge Pages File System...
         Mounting Huge Pages File System...
[   10.852009] systemd[1]: Starting Set console keymap...
         Starting Set console keymap...
[   10.881368] systemd[1]: Created slice system-serial\x2dgetty.slice.
[   10.894948] random: nonblocking pool is initialized
[[0;32m  OK  [0[   10.921789] iscsi: registered transport (iser)
m] Created slice system-serial\x2dgetty.slice.
[   10.931474] systemd[1]: Starting Monitoring of LVM2 mirrors, snapshots etc. using dmeventd or progress polling...
         Starting Monitoring of LVM2 mirrors... dmeventd or progress polling...
[   10.951198] systemd[1]: Starting Create list of required static device nodes for the current kernel...
         Starting Create list of required st... nodes for the current kernel...
[   10.994265] systemd[1]: Starting Journal Service...
         Starting Journal Service...
[   11.011085] systemd[1]: Mounted POSIX Message Queue File System.
[[0;32m  OK  [0m] Mounted POSIX Message Queue File System.
[   11.064902] systemd[1]: Mounted Huge Pages File System.
[[0;32m  OK  [0m] Mounted Huge Pages File System.
[   11.090378] systemd[1]: Mounted Debug File System.
[[0;32m  OK  [0m] Mounted Debug File System.
[   11.110364] systemd[1]: Started Remount Root and Kernel File Systems.
[[0;32m  OK  [0m] Started Remount Root and Kernel File Systems.
[   11.136429] systemd[1]: Started Load Kernel Modules.
[[0;32m  OK  [0m] Started Load Kernel Modules.
[   11.154470] systemd[1]: Started Uncomplicated firewall.
[[0;32m  OK  [0m] Started Uncomplicated firewall.
[   11.170096] systemd[1]: Started Create list of required static device nodes for the current kernel.
[[0;32m  OK  [0m] Started Create list of required sta...ce nodes for the current kernel.
[   11.206166] systemd[1]: Started Set console keymap.
[[0;32m  OK  [0m] Started Set console keymap.
[   11.217345] systemd[1]: Started Nameserver information manager.
[[0;32m  OK  [0m] Started Nameserver information manager.
[   11.257971] systemd[1]: Started Journal Service.
[[0;32m  OK  [0m] Started Journal Service.
[[0;32m  OK  [0m] Started LVM2 metadata daemon.
         Starting Create Static Device Nodes in /dev...
         Starting Apply Kernel Variables...
         Mounting FUSE Control File System...
         Starting udev Coldplug all Devices...
         Starting Load/Save Random Seed...
         Starting Flush Journal to Persistent Storage...
         Starting Initial cloud-init job (pre-networking)...
[[0;32m  OK  [0m] Mounted FUSE Control File System.
[[0;32m  OK  [0m] Started Create Static Device Nodes in /dev.
[[0;32m  OK  [0m] Started Apply Kernel Variables.
[[0;32m  OK  [0m] Started Load/Save Random Seed.
[[0;32m  OK  [0m] Started Flush Journal to Persistent Storage.
         Starting udev Kernel Device Manager...
[[0;32m  OK  [0m] Started udev Kernel Device Manager.
[[0;32m  OK  [0m] Started Monitoring of LVM2 mirrors,...ng dmeventd or progress polling.
[[0;32m  OK  [0m] Reached target Local File Systems (Pre).
[[0;32m  OK  [0m] Reached target Local File Systems.
         Starting Tell Plymouth To Write Out Runtime Data...
         Starting LSB: AppArmor initialization...
         Starting Set console font and keymap...
         Starting Create Volatile Files and Directories...
[[0;32m  OK  [0m] Started udev Coldplug all Devices.
[[0;32m  OK  [0m] Started Tell Plymouth To Write Out Runtime Data.
[[0;32m  OK  [0m] Started Create Volatile Files and Directories.
         Starting Update UTMP about System Boot/Shutdown...
[[0;32m  OK  [0m] Started Dispatch Password Requests to Console Directory Watch.
[[0;32m  OK  [0m] Started Update UTMP about System Boot/Shutdown.
[[0;32m  OK  [0m] Started LSB: AppArmor initialization.
[[0;32m  OK  [0m] Found device /dev/ttyS0.
[[0;32m  OK  [0m] Started Set console font and keymap.
[[0;32m  OK  [0m] Created slice system-getty.slice.
[[0;32m  OK  [0m] Found device 82540EM Gigabit Ethern...r (PRO/1000 MT Desktop Adapter).
[[0;32m  OK  [0m] Found device 82540EM Gigabit Ethern...r (PRO/1000 MT Desktop Adapter).
[[0;32m  OK  [0m] Listening on Load/Save RF Kill Switch Status /dev/rfkill Watch.
[   14.298993] cloud-init[460]: Cloud-init v. 18.2 running 'init-local' at Thu, 03 May 2018 13:22:31 +0000. Up 13.50 seconds.
[[0;32m  OK  [0m] Started Initial cloud-init job (pre-networking).
[[0;32m  OK  [0m] Reached target Network (Pre).
         Starting Raise network interfaces...
[[0;32m  OK  [0m] Started ifup for enp0s3.
[[0;32m  OK  [0m] Started ifup for enp0s8.
[[0;32m  OK  [0m] Started Raise network interfaces.
         Starting Initial cloud-init job (metadata service crawler)...
[[0;32m  OK  [0m] Reached target Network.
[   16.298131] cloud-init[1048]: Cloud-init v. 18.2 running 'init' at Thu, 03 May 2018 13:22:33 +0000. Up 15.82 seconds.
[   16.389620] cloud-init[1048]: ci-info: ++++++++++++++++++++++++++++++++++++++Net device info++++++++++++++++++++++++++++++++++++++
[[0;32m  OK  [0m] Started Initial cloud-init job (metadata service crawler).
[   16.509613] cloud-init[1048]: ci-info: +--------+------+-----------------------------+---------------+-------+-------------------+
[   16.593261] cloud-init[1048]: ci-info: | Device |  Up  |           Address           |      Mask     | Scope |     Hw-Address    |
[   16.681253] cloud-init[1048]: ci-info: +--------+------+-----------------------------+---------------+-------+-------------------+
[[0;32m  OK  [0m] Reached target Cloud-config availability.
[   16.831889] cloud-init[1048]: ci-info: | enp0s3 | True |          10.0.2.15          | 255.255.255.0 |   .   | 02:24:97:69:54:5f |
[   16.855141] [[0;32m  OK  [0m] Reached target System Initialization.
[[0;32m  OK  [0m] Started Daily Cleanup of Temporary Directories.
cloud-init[1048]: ci-info: | enp0s3 | True |  fe80::24:97ff:fe69:545f/64 |       .       |  link | 02:24:97:69:54:5f |
[[0;32m  OK  [0m] Started ACPI Events Check.
[   16.900002] [[0;32m  OK  [0m] Reached target Paths.
         Starting Socket activation for snappy daemon.
[[0;32m  OK  [0m] Listening on UUID daemon activation socket.
         Starting LXD - unix socket.
cloud-init[1048]: ci-info: | enp0s8 | True |        192.168.10.11        | 255.255.255.0 |   .   | 08:00:27:a6:97:3f |
[[0;32m  OK  [0m] Started Daily apt download activities.
[[0;32m  OK  [0m] Started Daily apt upgrade and clean activities.
[[0;32m  OK  [0m] Reached target Timers.
[[0;32m  OK  [0m] Listening on ACPID Listen Socket.
[[0;32m  OK  [0m] Listening on D-Bus System Message Bus Socket.
[[0;32m  OK  [0m] Reached target Network is Online.
         Starting iSCSI initiator daemon (iscsid)...
[   17.023669] cloud-init[1048]: ci-info: | enp0s8 | True | fe80::a00:27ff:fea6:973f/64 |       .       |  link | 08:00:27:a6:97:3f |
[   17.598324] cloud-init[1048]: ci-info: |   lo   | True |          127.0.0.1          |   255.0.0.0   |   .   |         .         |
[[0;32m  OK  [0m] Listening on Socket activation for snappy daemon.
[   17.767323] cloud-init[1048]: ci-info: |   lo   | True |           ::1/128           |       .       |  host |         .         |
[   17.823152] cloud-init[1048]: ci-info: +--------+------+-----------------------------+---------------+-------+-------------------+
[[0;32m  OK  [0m] Listening on LXD - unix socket.[   17.848532] cloud-init[1048]: ci-info: ++++++++++++++++++++++++++++Route IPv4 info++++++++++++++++++++++++++++
[   17.848694] cloud-init[1048]: ci-info: +-------+--------------+----------+---------------+-----------+-------+
[   17.848800] cloud-init[1048]: ci-info: | Route | Destination  | Gateway  |    Genmask    | Interface | Flags |
[   17.848986] cloud-init[1048]: ci-info: +-------+--------------+----------+---------------+-----------+-------+
[   17.849113] cloud-init[1048]: ci-info: |   0   |   0.0.0.0    | 10.0.2.2 |    0.0.0.0    |   enp0s3  |   UG  |
[   17.849206] cloud-init[1048]: ci-info: |   1   |   10.0.2.0   | 0.0.0.0  | 255.255.255.0 |   enp0s3  |   U   |
[   17.849300] cloud-init[1048]: ci-info: |   2   | 192.168.10.0 | 0.0.0.0  | 255.255.255.0 |   enp0s8  |   U   |
[   17.849422] cloud-init[1048]: ci-info: +-------+--------------+----------+---------------+-----------+-------+

[[0;32m  OK  [0m] Started iSCSI initiator daemon (iscsid).
         Starting Login to default iSCSI targets...
[[0;32m  OK  [0m] Reached target Sockets.
[[0;32m  OK  [0m] Reached target Basic System.
         Starting Apply the settings specified in cloud-config...
[[0;32m  OK  [0m] Started Unattended Upgrades Shutdown.
         Starting Virtualbox guest utils...
[[0;32m  OK  [0m] Started Regular background program processing daemon.
         Starting LSB: Record successful boot for GRUB...
         Starting Accounts Service...
[[0;32m  OK  [0m] Started ACPI event daemon.
         Starting /etc/rc.local Compatibility...
[[0;32m  OK  [0m] Started D-Bus System Message Bus.
         Starting LXD - container startup/shutdown...
         Starting System Logging Service...
         Starting LSB: MD monitoring daemon...
[[0;32m  OK  [0m] Started Deferred execution scheduler.
         Starting OpenBSD Secure Shell server...
[[0;32m  OK  [0m] Started FUSE filesystem for LXC.
         Starting Login Service...
         Starting Snappy daemon...
[[0;32m  OK  [0m] Started /etc/rc.local Compatibility.
[[0;32m  OK  [0m] Started Login to default iSCSI targets.
[[0;32m  OK  [0m] Started System Logging Service.
[[0;32m  OK  [0m] Started OpenBSD Secure Shell server.
[[0;32m  OK  [0m] Started LSB: Record successful boot for GRUB.
[[0;32m  OK  [0m] Started LXD - container startup/shutdown.
[[0;32m  OK  [0m] Started Login Service.
         Starting Authenticate and Authorize Users to Run Privileged Tasks...
[[0;32m  OK  [0m] Reached target Remote File Systems (Pre).
[[0;32m  OK  [0m] Reached target Remote File Systems.
         Starting LSB: Set the CPU Frequency Scaling governor to "ondemand"...
         Starting LSB: automatic crash report generation...
         Starting Permit User Sessions...
         Starting LSB: daemon to balance interrupts for SMP systems...
[[0;32m  OK  [0m] Started Permit User Sessions.
[[0;32m  OK  [0m] Started LSB: MD monitoring daemon.
         Starting Terminate Plymouth Boot Screen...
         Starting Hold until boot process finishes up...
[[0;32m  OK  [0m] Started Terminate Plymouth Boot Screen.
[[0;32m  OK  [0m] Started Hold until boot process finishes up.
[[0;32m  OK  [0m] Started Getty on tty1.
         Starting Set console scheme...
[[0;32m  OK  [0m] Started Serial Getty on ttyS0.
[[0;32m  OK  [0m] Reached target Login Prompts.
[[0;32m  OK  [0m] Started LSB: Set the CPU Frequency Scaling governor to "ondemand".
[[0;32m  OK  [0m] Started Set console scheme.
[[0;32m  OK  [0m] Started LSB: daemon to balance interrupts for SMP systems.
[[0;32m  OK  [0m] Started Snappy daemon.
[[0;32m  OK  [0m] Started Authenticate and Authorize Users to Run Privileged Tasks.
[[0;32m  OK  [0m] Started Accounts Service.
[[0;32m  OK  [0m] Started Virtualbox guest utils.
[[0;32m  OK  [0m] Created slice User Slice of vagrant.
[[0;32m  OK  [0m] Started Session 1 of user vagrant.
         Starting User Manager for UID 1000...
[[0;32m  OK  [0m] Started LSB: automatic crash report generation.
[[0;32m  OK  [0m] Reached target Multi-User System.
[[0;32m  OK  [0m] Reached target Graphical Interface.
         Starting Update UTMP about System Runlevel Changes...
[[0;32m  OK  [0m] Started User Manager for UID 1000.
[[0;32m  OK  [0m] Started Update UTMP about System Runlevel Changes.
[   19.864024] cloud-init[1110]: Cloud-init v. 18.2 running 'modules:config' at Thu, 03 May 2018 13:22:37 +0000. Up 19.64 seconds.
[[0;32m  OK  [0m] Started Apply the settings specified in cloud-config.
         Starting Execute cloud user/final scripts...
[   20.726894] cloud-init[1363]: Cloud-init v. 18.2 running 'modules:final' at Thu, 03 May 2018 13:22:38 +0000. Up 20.47 seconds.
[   20.738370] cloud-init[1363]: Cloud-init v. 18.2 finished at Thu, 03 May 2018 13:22:38 +0000. Datasource DataSourceNoCloud [seed=/dev/sdb][dsmode=net].  Up 20.71 seconds
[[0;32m  OK  [0m] Started Execute cloud user/final scripts.
[[0;32m  OK  [0m] Reached target Cloud-init target.

Ubuntu 16.04.4 LTS carbonifero-1 ttyS0

carbonifero-1 login: 